2025-08-10 19:50:00,679 INFO o.s.b.StartupInfoLogger [main] Starting CdisApplication using Java 1.8.0_281 on DESKTOP-7G009UU with PID 41168 (C:\Users\radug\git\repository\cdis\target\classes started by radug in C:\Users\radug\git\repository\cdis)
2025-08-10 19:50:00,684 INFO o.s.b.SpringApplication [main] No active profile set, falling back to default profiles: default
2025-08-10 19:50:01,040 INFO o.s.d.r.c.RepositoryConfigurationDelegate [main] Bootstrapping Spring Data JDBC repositories in DEFAULT mode.
2025-08-10 19:50:01,054 INFO o.s.d.r.c.RepositoryConfigurationDelegate [main] Finished Spring Data repository scanning in 11 ms. Found 0 JDBC repository interfaces.
2025-08-10 19:50:01,324 INFO o.s.b.w.e.t.TomcatWebServer [main] Tomcat initialized with port(s): 443 (https) 80 (http)
2025-08-10 19:50:01,336 INFO o.a.j.l.DirectJDKLog [main] Initializing ProtocolHandler ["https-jsse-nio-443"]
2025-08-10 19:50:01,336 INFO o.a.j.l.DirectJDKLog [main] Initializing ProtocolHandler ["http-nio-80"]
2025-08-10 19:50:01,342 INFO o.a.j.l.DirectJDKLog [main] Starting service [Tomcat]
2025-08-10 19:50:01,342 INFO o.a.j.l.DirectJDKLog [main] Starting Servlet engine: [Apache Tomcat/9.0.45]
2025-08-10 19:50:01,399 INFO o.a.j.l.DirectJDKLog [main] Initializing Spring embedded WebApplicationContext
2025-08-10 19:50:01,399 INFO o.s.b.w.s.c.ServletWebServerApplicationContext [main] Root WebApplicationContext: initialization completed in 673 ms
2025-08-10 19:50:01,614 INFO o.s.b.a.s.s.UserDetailsServiceAutoConfiguration [main] 

Using generated security password: 4555e730-7e57-4165-b401-91813dcdf016

2025-08-10 19:50:01,662 INFO o.s.s.w.a.c.ChannelProcessingFilter [main] Validated configuration attributes
2025-08-10 19:50:01,663 INFO o.s.s.w.DefaultSecurityFilterChain [main] Will secure any request with [org.springframework.security.web.access.channel.ChannelProcessingFilter@e84fb85, org.springframework.security.web.context.request.async.WebAsyncManagerIntegrationFilter@5bc28f40, org.springframework.security.web.context.SecurityContextPersistenceFilter@262816a8, org.springframework.security.web.header.HeaderWriterFilter@66273da0, org.springframework.security.web.authentication.logout.LogoutFilter@26c47874, org.springframework.security.web.savedrequest.RequestCacheAwareFilter@46c269e0, org.springframework.security.web.servletapi.SecurityContextHolderAwareRequestFilter@102ecc22, org.springframework.security.web.authentication.AnonymousAuthenticationFilter@46963479, org.springframework.security.web.session.SessionManagementFilter@60f70249, org.springframework.security.web.access.ExceptionTranslationFilter@38d17d80]
2025-08-10 19:50:01,723 INFO o.s.s.c.ExecutorConfigurationSupport [main] Initializing ExecutorService 'applicationTaskExecutor'
2025-08-10 19:50:01,778 INFO o.s.b.a.w.s.WelcomePageHandlerMapping [main] Adding welcome page: URL [file:C:/Users/radug/git/repository/cdis/target/static//index.html]
2025-08-10 19:50:01,852 INFO c.z.h.HikariDataSource [main] HikariPool-1 - Starting...
2025-08-10 19:50:02,259 INFO c.z.h.HikariDataSource [main] HikariPool-1 - Start completed.
2025-08-10 19:50:02,323 INFO o.a.j.l.DirectJDKLog [main] Starting ProtocolHandler ["https-jsse-nio-443"]
2025-08-10 19:50:02,614 INFO o.a.j.l.DirectJDKLog [main] Starting ProtocolHandler ["http-nio-80"]
2025-08-10 19:50:02,616 INFO o.s.b.w.e.t.TomcatWebServer [main] Tomcat started on port(s): 443 (https) 80 (http) with context path '/ncdis'
2025-08-10 19:50:02,622 INFO o.s.b.StartupInfoLogger [main] Started CdisApplication in 2.206 seconds (JVM running for 2.848)
2025-08-10 19:50:12,189 INFO o.a.j.l.DirectJDKLog [https-jsse-nio-443-exec-1] Initializing Spring DispatcherServlet 'dispatcherServlet'
2025-08-10 19:50:12,189 INFO o.s.w.s.FrameworkServlet [https-jsse-nio-443-exec-1] Initializing Servlet 'dispatcherServlet'
2025-08-10 19:50:12,190 INFO o.s.w.s.FrameworkServlet [https-jsse-nio-443-exec-1] Completed initialization in 1 ms
2025-08-10 19:50:12,364 INFO c.g.c.d.ChbDBridge [https-jsse-nio-443-exec-1] Get List of users :513
2025-08-10 19:50:12,393 INFO c.g.c.d.ChbDBridge [https-jsse-nio-443-exec-10] Get User ID Session :    iduser : 0
2025-08-10 19:50:12,396 INFO c.g.c.d.ChbDBridge [https-jsse-nio-443-exec-10] Get User Notes iduser:0
2025-08-10 19:50:15,550 INFO c.g.c.d.ChbDBridge [https-jsse-nio-443-exec-10] Get List of users :513
2025-08-10 19:50:15,572 INFO c.g.c.d.ChbDBridge [https-jsse-nio-443-exec-4] Get User ID Session :    iduser : 0
2025-08-10 19:50:15,574 INFO c.g.c.d.ChbDBridge [https-jsse-nio-443-exec-4] Get User Notes iduser:0
2025-08-10 21:01:16,455 INFO o.s.b.a.SpringApplicationAdminMXBeanRegistrar$SpringApplicationAdmin [RMI TCP Connection(81)-127.0.0.1] Application shutdown requested.
2025-08-10 21:01:16,907 INFO o.s.s.c.ExecutorConfigurationSupport [RMI TCP Connection(81)-127.0.0.1] Shutting down ExecutorService 'applicationTaskExecutor'
2025-08-10 21:01:16,908 INFO c.z.h.HikariDataSource [RMI TCP Connection(81)-127.0.0.1] HikariPool-1 - Shutdown initiated...
2025-08-10 21:01:16,910 INFO c.z.h.HikariDataSource [RMI TCP Connection(81)-127.0.0.1] HikariPool-1 - Shutdown completed.
