2024-05-27 18:24:46,205 INFO o.s.b.StartupInfoLogger [restartedMain] Starting CdisApplication using Java 15.0.2 on DESKTOP-7G009UU with PID 48328 (C:\Users\radug\git\repository\cdis\target\classes started by radug in C:\Users\radug\git\repository\cdis)
2024-05-27 18:24:46,211 INFO o.s.b.SpringApplication [restartedMain] No active profile set, falling back to default profiles: default
2024-05-27 18:24:46,235 INFO o.s.b.l.DeferredLog [restartedMain] Devtools property defaults active! Set 'spring.devtools.add-properties' to 'false' to disable
2024-05-27 18:24:46,236 INFO o.s.b.l.DeferredLog [restartedMain] For additional web related logging consider setting the 'logging.level.web' property to 'DEBUG'
2024-05-27 18:24:46,555 INFO o.s.d.r.c.RepositoryConfigurationDelegate [restartedMain] Bootstrapping Spring Data JDBC repositories in DEFAULT mode.
2024-05-27 18:24:46,566 INFO o.s.d.r.c.RepositoryConfigurationDelegate [restartedMain] Finished Spring Data repository scanning in 9 ms. Found 0 JDBC repository interfaces.
2024-05-27 18:24:46,872 INFO o.s.b.w.e.t.TomcatWebServer [restartedMain] Tomcat initialized with port(s): 543 (https)
2024-05-27 18:24:46,883 INFO o.a.j.l.DirectJDKLog [restartedMain] Initializing ProtocolHandler ["https-jsse-nio-543"]
2024-05-27 18:24:46,884 INFO o.a.j.l.DirectJDKLog [restartedMain] Starting service [Tomcat]
2024-05-27 18:24:46,884 INFO o.a.j.l.DirectJDKLog [restartedMain] Starting Servlet engine: [Apache Tomcat/9.0.45]
2024-05-27 18:24:46,939 INFO o.a.j.l.DirectJDKLog [restartedMain] Initializing Spring embedded WebApplicationContext
2024-05-27 18:24:46,939 INFO o.s.b.w.s.c.ServletWebServerApplicationContext [restartedMain] Root WebApplicationContext: initialization completed in 703 ms
2024-05-27 18:24:47,109 INFO o.s.s.c.ExecutorConfigurationSupport [restartedMain] Initializing ExecutorService 'applicationTaskExecutor'
2024-05-27 18:24:47,158 INFO o.s.b.a.w.s.WelcomePageHandlerMapping [restartedMain] Adding welcome page: URL [file:C:/Users/radug/git/repository/cdis/target/static//index.html]
2024-05-27 18:24:47,231 INFO c.z.h.HikariDataSource [restartedMain] HikariPool-1 - Starting...
2024-05-27 18:24:47,404 INFO c.z.h.HikariDataSource [restartedMain] HikariPool-1 - Start completed.
2024-05-27 18:24:47,477 INFO o.s.b.d.a.OptionalLiveReloadServer [restartedMain] LiveReload server is running on port 35729
2024-05-27 18:24:47,486 INFO o.a.j.l.DirectJDKLog [restartedMain] Starting ProtocolHandler ["https-jsse-nio-543"]
2024-05-27 18:24:47,822 INFO o.s.b.w.e.t.TomcatWebServer [restartedMain] Tomcat started on port(s): 543 (https) with context path '/ncdis'
2024-05-27 18:24:47,828 INFO o.s.b.StartupInfoLogger [restartedMain] Started CdisApplication in 1.886 seconds (JVM running for 2.461)
2024-05-27 18:25:00,653 INFO o.a.j.l.DirectJDKLog [https-jsse-nio-543-exec-9] Initializing Spring DispatcherServlet 'dispatcherServlet'
2024-05-27 18:25:00,654 INFO o.s.w.s.FrameworkServlet [https-jsse-nio-543-exec-9] Initializing Servlet 'dispatcherServlet'
2024-05-27 18:25:00,654 INFO o.s.w.s.FrameworkServlet [https-jsse-nio-543-exec-9] Completed initialization in 0 ms
2024-05-27 18:25:09,375 INFO c.g.c.d.ChbDBridge [https-jsse-nio-543-exec-2] ========================================================
2024-05-27 18:25:09,376 INFO c.g.c.d.ChbDBridge [https-jsse-nio-543-exec-2] This is test log message
2024-05-27 18:25:09,376 INFO c.g.c.d.ChbDBridge [https-jsse-nio-543-exec-2] ========================================================
2024-05-27 18:25:09,535 INFO c.g.c.d.ChbDBridge [https-jsse-nio-543-exec-8] ========================================================
2024-05-27 18:25:09,535 INFO c.g.c.d.ChbDBridge [https-jsse-nio-543-exec-8] This is test log message
2024-05-27 18:25:09,535 INFO c.g.c.d.ChbDBridge [https-jsse-nio-543-exec-8] ========================================================
2024-05-27 18:25:13,156 INFO c.g.c.d.ChbDBridge [https-jsse-nio-543-exec-9] ========================================================
2024-05-27 18:25:13,156 INFO c.g.c.d.ChbDBridge [https-jsse-nio-543-exec-9] This is test log message
2024-05-27 18:25:13,156 INFO c.g.c.d.ChbDBridge [https-jsse-nio-543-exec-9] ========================================================
2024-05-27 18:25:13,189 INFO c.g.c.d.ChbDBridge [https-jsse-nio-543-exec-2] ========================================================
2024-05-27 18:25:13,189 INFO c.g.c.d.ChbDBridge [https-jsse-nio-543-exec-2] This is test log message
2024-05-27 18:25:13,189 INFO c.g.c.d.ChbDBridge [https-jsse-nio-543-exec-2] ========================================================
2024-05-27 18:27:13,681 INFO o.s.b.a.SpringApplicationAdminMXBeanRegistrar$SpringApplicationAdmin [RMI TCP Connection(11)-127.0.0.1] Application shutdown requested.
2024-05-27 18:27:13,702 INFO o.s.s.c.ExecutorConfigurationSupport [RMI TCP Connection(11)-127.0.0.1] Shutting down ExecutorService 'applicationTaskExecutor'
2024-05-27 18:27:13,703 INFO c.z.h.HikariDataSource [RMI TCP Connection(11)-127.0.0.1] HikariPool-1 - Shutdown initiated...
2024-05-27 18:27:13,704 INFO c.z.h.HikariDataSource [RMI TCP Connection(11)-127.0.0.1] HikariPool-1 - Shutdown completed.
